SF:lib/service/context_helper.dart
DA:4,0
LF:1
LH:0
end_of_record
SF:lib/service/model/location.dart
DA:17,7
DA:24,0
DA:25,0
DA:32,7
DA:36,16
DA:38,0
DA:40,0
DA:43,0
DA:45,0
DA:47,0
DA:48,0
DA:49,0
LF:12
LH:3
end_of_record
SF:lib/service/model/location.g.dart
DA:9,0
DA:10,0
DA:11,0
DA:12,0
DA:13,0
DA:16,0
DA:17,0
DA:18,0
DA:19,0
DA:20,0
DA:23,0
DA:29,0
DA:31,0
DA:35,0
DA:36,0
DA:37,0
DA:39,0
DA:41,0
DA:44,0
DA:46,0
LF:20
LH:0
end_of_record
SF:lib/service/model/location_type.dart
DA:3,8
LF:1
LH:1
end_of_record
SF:lib/service/navigation_helper.dart
DA:4,0
DA:5,0
LF:2
LH:0
end_of_record
SF:lib/ui/weather_details_screen/weather_screen.dart
DA:11,9
DA:14,1
DA:16,1
DA:18,1
DA:19,1
DA:20,1
DA:21,1
DA:22,1
DA:23,2
DA:25,1
DA:28,1
DA:29,1
DA:31,1
LF:13
LH:13
end_of_record
SF:lib/ui/weather_details_screen/weather_screen_model.dart
DA:10,2
DA:12,2
DA:14,1
DA:15,4
LF:4
LH:4
end_of_record
SF:lib/ui/weather_details_screen/weather_screen_wm.dart
DA:18,1
DA:20,1
DA:22,1
DA:23,3
DA:25,1
DA:27,6
DA:30,4
DA:32,2
DA:34,2
DA:35,2
DA:38,2
DA:40,2
DA:42,4
DA:43,6
DA:44,4
DA:45,1
DA:46,2
DA:51,2
DA:52,1
DA:53,1
DA:54,1
DA:55,3
LF:22
LH:22
end_of_record
SF:lib/main.dart
DA:7,6
DA:9,0
DA:10,0
DA:12,0
LF:4
LH:1
end_of_record
SF:lib/weather_app.dart
DA:5,8
DA:8,0
DA:10,0
DA:12,0
LF:4
LH:1
end_of_record
SF:lib/service/address_service.dart
DA:13,0
DA:14,0
DA:15,0
DA:18,0
DA:20,0
DA:21,0
DA:22,0
LF:7
LH:0
end_of_record
SF:lib/service/model/weather.dart
DA:38,2
DA:56,0
DA:57,0
DA:59,0
DA:61,0
DA:66,2
DA:69,8
LF:7
LH:3
end_of_record
SF:lib/service/model/weather.g.dart
DA:9,0
DA:10,0
DA:11,0
DA:12,0
DA:13,0
DA:15,0
DA:16,0
DA:18,0
DA:19,0
DA:20,0
DA:21,0
DA:22,0
DA:23,0
DA:24,0
DA:25,0
DA:26,0
DA:27,0
DA:28,0
DA:31,0
DA:32,0
DA:33,0
DA:34,0
DA:36,0
DA:37,0
DA:38,0
DA:39,0
DA:40,0
DA:41,0
DA:42,0
DA:43,0
DA:44,0
DA:45,0
DA:46,0
DA:47,0
DA:50,0
DA:56,0
DA:58,0
DA:62,0
DA:63,0
DA:64,0
DA:66,0
DA:68,0
DA:71,0
DA:73,0
LF:44
LH:0
end_of_record
SF:lib/service/model/weather_state.dart
DA:3,8
LF:1
LH:1
end_of_record
SF:lib/service/weather_service.dart
DA:12,0
DA:13,0
DA:16,0
DA:18,0
DA:20,0
DA:21,0
DA:22,0
LF:7
LH:0
end_of_record
SF:lib/theme/app_typography.dart
DA:4,8
DA:10,6
DA:16,4
LF:3
LH:3
end_of_record
SF:lib/ui/error_screen/error_screen.dart
DA:8,2
DA:11,1
DA:13,2
DA:15,2
DA:16,2
DA:18,2
DA:19,2
DA:25,2
DA:27,2
DA:30,2
DA:32,2
DA:36,2
DA:39,2
DA:40,2
DA:41,2
DA:43,2
DA:45,2
LF:17
LH:17
end_of_record
SF:lib/ui/loading_screen/loading_page.dart
DA:7,8
DA:9,1
DA:11,1
DA:13,1
DA:16,1
DA:18,1
LF:6
LH:6
end_of_record
SF:lib/ui/loading_screen/widgets/circle_progress_loader.dart
DA:4,8
DA:6,1
DA:7,1
DA:14,1
DA:16,1
DA:17,2
DA:22,2
DA:25,1
DA:27,2
DA:28,1
DA:31,1
DA:33,1
DA:34,1
DA:35,1
DA:36,1
LF:15
LH:15
end_of_record
SF:lib/ui/select_address_screen/select_address_model.dart
DA:13,2
DA:16,1
DA:17,2
DA:20,1
DA:21,3
DA:22,2
LF:6
LH:6
end_of_record
SF:lib/ui/select_address_screen/select_address_screen.dart
DA:11,9
DA:14,1
DA:16,1
DA:18,1
DA:19,1
DA:21,1
DA:23,1
DA:25,2
DA:28,2
DA:29,1
DA:30,1
DA:31,1
DA:32,1
DA:33,1
DA:34,1
DA:36,1
DA:37,1
DA:39,1
DA:43,1
DA:44,1
DA:46,1
DA:47,1
DA:48,1
DA:50,2
DA:51,1
LF:25
LH:25
end_of_record
SF:lib/ui/select_address_screen/widgets/location_tile.dart
DA:11,2
DA:16,2
DA:18,2
DA:20,2
DA:22,2
DA:23,4
DA:24,2
DA:26,0
LF:8
LH:7
end_of_record
SF:lib/ui/select_address_screen/select_address_wm.dart
DA:19,3
DA:21,4
DA:23,2
DA:25,2
DA:27,6
DA:30,1
DA:31,4
DA:34,1
DA:35,2
DA:36,2
DA:37,1
DA:38,1
DA:39,0
DA:45,2
DA:46,1
DA:47,1
DA:48,2
DA:50,1
LF:18
LH:17
end_of_record
SF:lib/ui/select_address_screen/widgets/search_text_field.dart
DA:9,1
DA:12,1
DA:14,1
DA:16,1
DA:19,1
DA:21,1
DA:23,1
DA:31,2
DA:32,1
DA:34,1
DA:37,1
LF:11
LH:11
end_of_record
SF:lib/ui/select_address_screen/widgets/highlighted_text.dart
DA:8,2
DA:12,2
DA:14,2
DA:16,4
DA:17,3
DA:18,2
DA:20,4
DA:23,7
DA:24,2
DA:27,1
DA:32,1
DA:33,1
DA:34,1
DA:35,4
DA:36,1
DA:37,5
DA:39,1
DA:40,0
DA:43,1
DA:45,1
DA:48,1
DA:50,2
DA:51,2
DA:52,2
DA:53,2
DA:54,2
DA:58,2
DA:59,1
DA:60,2
DA:63,1
DA:64,3
DA:69,1
DA:73,2
DA:74,2
DA:75,2
LF:35
LH:34
end_of_record
SF:lib/ui/weather_details_screen/widgets/weather_details_page.dart
DA:12,1
DA:16,1
DA:18,1
DA:20,1
DA:23,1
DA:24,1
DA:36,1
DA:37,1
DA:38,4
DA:39,1
DA:40,1
DA:42,1
DA:44,1
DA:45,1
DA:46,3
DA:47,2
DA:49,1
DA:50,1
DA:52,2
DA:58,1
DA:59,1
DA:61,1
DA:62,1
DA:63,5
DA:69,1
DA:71,1
DA:72,6
DA:81,1
DA:82,7
DA:94,1
DA:96,2
DA:98,1
DA:99,1
DA:101,1
DA:102,1
DA:104,2
DA:107,2
DA:108,1
LF:38
LH:38
end_of_record
SF:lib/ui/weather_details_screen/widgets/weather_forecast_tile.dart
DA:11,1
DA:15,1
DA:17,1
DA:19,1
DA:20,1
DA:22,1
DA:23,2
DA:25,4
DA:26,2
DA:29,1
DA:30,3
DA:31,2
DA:34,1
DA:35,5
DA:42,1
DA:43,4
LF:16
LH:16
end_of_record
